{"C:\\Users\\HP\\Desktop\\github\\testing-js\\array-sum\\arraySum.js": {"path":"C:\\Users\\HP\\Desktop\\github\\testing-js\\array-sum\\arraySum.js","statementMap":{"0":{"start":{"line":1,"column":17},"end":{"line":11,"column":1}},"1":{"start":{"line":2,"column":20},"end":{"line":7,"column":5}},"2":{"start":{"line":3,"column":8},"end":{"line":5,"column":9}},"3":{"start":{"line":4,"column":12},"end":{"line":4,"column":52}},"4":{"start":{"line":6,"column":8},"end":{"line":6,"column":24}},"5":{"start":{"line":10,"column":4},"end":{"line":10,"column":34}},"6":{"start":{"line":13,"column":0},"end":{"line":13,"column":25}}},"fnMap":{"0":{"name":"(anonymous_0)","decl":{"start":{"line":1,"column":17},"end":{"line":1,"column":18}},"loc":{"start":{"line":1,"column":26},"end":{"line":11,"column":1}},"line":1},"1":{"name":"(anonymous_1)","decl":{"start":{"line":2,"column":20},"end":{"line":2,"column":21}},"loc":{"start":{"line":2,"column":34},"end":{"line":7,"column":5}},"line":2}},"branchMap":{"0":{"loc":{"start":{"line":3,"column":8},"end":{"line":5,"column":9}},"type":"if","locations":[{"start":{"line":3,"column":8},"end":{"line":5,"column":9}},{"start":{"line":3,"column":8},"end":{"line":5,"column":9}}],"line":3}},"s":{"0":1,"1":3,"2":7,"3":1,"4":6,"5":3,"6":1},"f":{"0":3,"1":7},"b":{"0":[1,6]},"_coverageSchema":"1a1c01bbd47fc00a2c39e90264f33305004495a9","hash":"5179325a362c527e2120703791b7b278196cb7d4"}
,"C:\\Users\\HP\\Desktop\\github\\testing-js\\clone-array\\cloneArray.js": {"path":"C:\\Users\\HP\\Desktop\\github\\testing-js\\clone-array\\cloneArray.js","statementMap":{"0":{"start":{"line":1,"column":18},"end":{"line":1,"column":47}},"1":{"start":{"line":1,"column":29},"end":{"line":1,"column":46}},"2":{"start":{"line":3,"column":0},"end":{"line":3,"column":27}}},"fnMap":{"0":{"name":"(anonymous_0)","decl":{"start":{"line":1,"column":18},"end":{"line":1,"column":19}},"loc":{"start":{"line":1,"column":28},"end":{"line":1,"column":47}},"line":1}},"branchMap":{},"s":{"0":1,"1":2,"2":1},"f":{"0":2},"b":{},"_coverageSchema":"1a1c01bbd47fc00a2c39e90264f33305004495a9","hash":"95e04955a5dc74907366e6602ec1dbca3b320efe"}
,"C:\\Users\\HP\\Desktop\\github\\testing-js\\darts\\darts.js": {"path":"C:\\Users\\HP\\Desktop\\github\\testing-js\\darts\\darts.js","statementMap":{"0":{"start":{"line":14,"column":14},"end":{"line":28,"column":1}},"1":{"start":{"line":16,"column":22},"end":{"line":16,"column":45}},"2":{"start":{"line":16,"column":36},"end":{"line":16,"column":45}},"3":{"start":{"line":17,"column":25},"end":{"line":17,"column":50}},"4":{"start":{"line":18,"column":25},"end":{"line":18,"column":50}},"5":{"start":{"line":20,"column":26},"end":{"line":20,"column":72}},"6":{"start":{"line":20,"column":32},"end":{"line":20,"column":72}},"7":{"start":{"line":21,"column":21},"end":{"line":21,"column":56}},"8":{"start":{"line":21,"column":27},"end":{"line":21,"column":56}},"9":{"start":{"line":22,"column":28},"end":{"line":22,"column":61}},"10":{"start":{"line":22,"column":34},"end":{"line":22,"column":61}},"11":{"start":{"line":24,"column":4},"end":{"line":27,"column":34}},"12":{"start":{"line":24,"column":24},"end":{"line":24,"column":50}},"13":{"start":{"line":25,"column":9},"end":{"line":27,"column":34}},"14":{"start":{"line":25,"column":24},"end":{"line":25,"column":36}},"15":{"start":{"line":26,"column":9},"end":{"line":27,"column":34}},"16":{"start":{"line":26,"column":31},"end":{"line":26,"column":56}},"17":{"start":{"line":27,"column":9},"end":{"line":27,"column":34}},"18":{"start":{"line":30,"column":0},"end":{"line":30,"column":22}}},"fnMap":{"0":{"name":"(anonymous_0)","decl":{"start":{"line":14,"column":14},"end":{"line":14,"column":15}},"loc":{"start":{"line":14,"column":30},"end":{"line":28,"column":1}},"line":14},"1":{"name":"(anonymous_1)","decl":{"start":{"line":16,"column":22},"end":{"line":16,"column":23}},"loc":{"start":{"line":16,"column":36},"end":{"line":16,"column":45}},"line":16},"2":{"name":"(anonymous_2)","decl":{"start":{"line":20,"column":26},"end":{"line":20,"column":27}},"loc":{"start":{"line":20,"column":32},"end":{"line":20,"column":72}},"line":20},"3":{"name":"(anonymous_3)","decl":{"start":{"line":21,"column":21},"end":{"line":21,"column":22}},"loc":{"start":{"line":21,"column":27},"end":{"line":21,"column":56}},"line":21},"4":{"name":"(anonymous_4)","decl":{"start":{"line":22,"column":28},"end":{"line":22,"column":29}},"loc":{"start":{"line":22,"column":34},"end":{"line":22,"column":61}},"line":22}},"branchMap":{"0":{"loc":{"start":{"line":20,"column":32},"end":{"line":20,"column":72}},"type":"binary-expr","locations":[{"start":{"line":20,"column":32},"end":{"line":20,"column":50}},{"start":{"line":20,"column":54},"end":{"line":20,"column":72}}],"line":20},"1":{"loc":{"start":{"line":24,"column":4},"end":{"line":27,"column":34}},"type":"if","locations":[{"start":{"line":24,"column":4},"end":{"line":27,"column":34}},{"start":{"line":24,"column":4},"end":{"line":27,"column":34}}],"line":24},"2":{"loc":{"start":{"line":25,"column":9},"end":{"line":27,"column":34}},"type":"if","locations":[{"start":{"line":25,"column":9},"end":{"line":27,"column":34}},{"start":{"line":25,"column":9},"end":{"line":27,"column":34}}],"line":25},"3":{"loc":{"start":{"line":26,"column":9},"end":{"line":27,"column":34}},"type":"if","locations":[{"start":{"line":26,"column":9},"end":{"line":27,"column":34}},{"start":{"line":26,"column":9},"end":{"line":27,"column":34}}],"line":26}},"s":{"0":1,"1":4,"2":24,"3":4,"4":4,"5":4,"6":4,"7":4,"8":3,"9":4,"10":1,"11":4,"12":1,"13":3,"14":2,"15":1,"16":0,"17":1,"18":1},"f":{"0":4,"1":24,"2":4,"3":3,"4":1},"b":{"0":[4,1],"1":[1,3],"2":[2,1],"3":[0,1]},"_coverageSchema":"1a1c01bbd47fc00a2c39e90264f33305004495a9","hash":"80dd197054f9871ee27bb9de85b6558d06387bb4"}
,"C:\\Users\\HP\\Desktop\\github\\testing-js\\project-euhler\\multplesOf3and5\\multiples.js": {"path":"C:\\Users\\HP\\Desktop\\github\\testing-js\\project-euhler\\multplesOf3and5\\multiples.js","statementMap":{"0":{"start":{"line":1,"column":25},"end":{"line":9,"column":3}},"1":{"start":{"line":2,"column":20},"end":{"line":2,"column":22}},"2":{"start":{"line":3,"column":4},"end":{"line":7,"column":5}},"3":{"start":{"line":3,"column":16},"end":{"line":3,"column":17}},"4":{"start":{"line":4,"column":6},"end":{"line":6,"column":7}},"5":{"start":{"line":5,"column":8},"end":{"line":5,"column":25}},"6":{"start":{"line":8,"column":4},"end":{"line":8,"column":52}},"7":{"start":{"line":8,"column":42},"end":{"line":8,"column":49}},"8":{"start":{"line":11,"column":2},"end":{"line":11,"column":35}}},"fnMap":{"0":{"name":"(anonymous_0)","decl":{"start":{"line":1,"column":25},"end":{"line":1,"column":26}},"loc":{"start":{"line":1,"column":37},"end":{"line":9,"column":3}},"line":1},"1":{"name":"(anonymous_1)","decl":{"start":{"line":8,"column":28},"end":{"line":8,"column":29}},"loc":{"start":{"line":8,"column":42},"end":{"line":8,"column":49}},"line":8}},"branchMap":{"0":{"loc":{"start":{"line":4,"column":6},"end":{"line":6,"column":7}},"type":"if","locations":[{"start":{"line":4,"column":6},"end":{"line":6,"column":7}},{"start":{"line":4,"column":6},"end":{"line":6,"column":7}}],"line":4},"1":{"loc":{"start":{"line":4,"column":9},"end":{"line":4,"column":31}},"type":"binary-expr","locations":[{"start":{"line":4,"column":9},"end":{"line":4,"column":18}},{"start":{"line":4,"column":22},"end":{"line":4,"column":31}}],"line":4}},"s":{"0":1,"1":4,"2":4,"3":4,"4":1056,"5":492,"6":4,"7":492,"8":1},"f":{"0":4,"1":492},"b":{"0":[492,564],"1":[1056,704]},"_coverageSchema":"1a1c01bbd47fc00a2c39e90264f33305004495a9","hash":"1fe602c5dbc17d7c08319bd005285f8db3cdcdd2"}
,"C:\\Users\\HP\\Desktop\\github\\testing-js\\subtract\\subtract.js": {"path":"C:\\Users\\HP\\Desktop\\github\\testing-js\\subtract\\subtract.js","statementMap":{"0":{"start":{"line":1,"column":17},"end":{"line":1,"column":29}},"1":{"start":{"line":1,"column":26},"end":{"line":1,"column":29}},"2":{"start":{"line":4,"column":0},"end":{"line":4,"column":25}}},"fnMap":{"0":{"name":"(anonymous_0)","decl":{"start":{"line":1,"column":17},"end":{"line":1,"column":18}},"loc":{"start":{"line":1,"column":26},"end":{"line":1,"column":29}},"line":1}},"branchMap":{},"s":{"0":1,"1":1,"2":1},"f":{"0":1},"b":{},"_coverageSchema":"1a1c01bbd47fc00a2c39e90264f33305004495a9","hash":"316d61b03929298c3ee6f8b456f4dc1684fa74cc"}
,"C:\\Users\\HP\\Desktop\\github\\testing-js\\sum\\sum.js": {"path":"C:\\Users\\HP\\Desktop\\github\\testing-js\\sum\\sum.js","statementMap":{"0":{"start":{"line":1,"column":12},"end":{"line":1,"column":24}},"1":{"start":{"line":1,"column":21},"end":{"line":1,"column":24}},"2":{"start":{"line":5,"column":0},"end":{"line":5,"column":22}}},"fnMap":{"0":{"name":"(anonymous_0)","decl":{"start":{"line":1,"column":12},"end":{"line":1,"column":13}},"loc":{"start":{"line":1,"column":21},"end":{"line":1,"column":24}},"line":1}},"branchMap":{},"s":{"0":1,"1":1,"2":1},"f":{"0":1},"b":{},"_coverageSchema":"1a1c01bbd47fc00a2c39e90264f33305004495a9","hash":"6e4a2fea91dc429cda28ee4e311f44d1c29c34eb"}
}
