TN:
SF:array-sum\arraySum.js
FN:1,(anonymous_0)
FN:2,(anonymous_1)
FNF:2
FNH:2
FNDA:3,(anonymous_0)
FNDA:7,(anonymous_1)
DA:1,1
DA:2,3
DA:3,7
DA:4,1
DA:6,6
DA:10,3
DA:13,1
LF:7
LH:7
BRDA:3,0,0,1
BRDA:3,0,1,6
BRF:2
BRH:2
end_of_record
TN:
SF:clone-array\cloneArray.js
FN:1,(anonymous_0)
FNF:1
FNH:1
FNDA:2,(anonymous_0)
DA:1,2
DA:3,1
LF:2
LH:2
BRF:0
BRH:0
end_of_record
TN:
SF:darts\darts.js
FN:14,(anonymous_0)
FN:16,(anonymous_1)
FN:20,(anonymous_2)
FN:21,(anonymous_3)
FN:22,(anonymous_4)
FNF:5
FNH:5
FNDA:4,(anonymous_0)
FNDA:24,(anonymous_1)
FNDA:4,(anonymous_2)
FNDA:3,(anonymous_3)
FNDA:1,(anonymous_4)
DA:14,1
DA:16,24
DA:17,4
DA:18,4
DA:20,4
DA:21,4
DA:22,4
DA:24,4
DA:25,3
DA:26,1
DA:27,1
DA:30,1
LF:12
LH:12
BRDA:20,0,0,4
BRDA:20,0,1,1
BRDA:24,1,0,1
BRDA:24,1,1,3
BRDA:25,2,0,2
BRDA:25,2,1,1
BRDA:26,3,0,0
BRDA:26,3,1,1
BRF:8
BRH:7
end_of_record
TN:
SF:project-euhler\fibonacci-even-sum\fiboSum.js
FN:1,(anonymous_0)
FN:13,(anonymous_1)
FN:13,(anonymous_2)
FNF:3
FNH:3
FNDA:6,(anonymous_0)
FNDA:64,(anonymous_1)
FNDA:23,(anonymous_2)
DA:1,1
DA:3,6
DA:4,6
DA:5,6
DA:7,6
DA:8,52
DA:9,52
DA:10,52
DA:13,64
DA:16,1
LF:10
LH:10
BRF:0
BRH:0
end_of_record
TN:
SF:project-euhler\multplesOf3and5\multiples.js
FN:1,(anonymous_0)
FN:8,(anonymous_1)
FNF:2
FNH:2
FNDA:4,(anonymous_0)
FNDA:492,(anonymous_1)
DA:1,1
DA:2,4
DA:3,4
DA:4,1056
DA:5,492
DA:8,492
DA:11,1
LF:7
LH:7
BRDA:4,0,0,492
BRDA:4,0,1,564
BRDA:4,1,0,1056
BRDA:4,1,1,704
BRF:4
BRH:4
end_of_record
TN:
SF:subtract\subtract.js
FN:1,(anonymous_0)
FNF:1
FNH:1
FNDA:1,(anonymous_0)
DA:1,1
DA:4,1
LF:2
LH:2
BRF:0
BRH:0
end_of_record
TN:
SF:sum\sum.js
FN:1,(anonymous_0)
FNF:1
FNH:1
FNDA:1,(anonymous_0)
DA:1,1
DA:5,1
LF:2
LH:2
BRF:0
BRH:0
end_of_record
